[debug] [2023-06-24T14:19:45.439Z] ----------------------------------------------------------------------
[debug] [2023-06-24T14:19:45.447Z] Command:       /usr/local/bin/node /usr/local/bin/firebase login
[debug] [2023-06-24T14:19:45.449Z] CLI Version:   12.4.0
[debug] [2023-06-24T14:19:45.450Z] Platform:      darwin
[debug] [2023-06-24T14:19:45.451Z] Node Version:  v18.16.0
[debug] [2023-06-24T14:19:45.455Z] Time:          Sat Jun 24 2023 16:19:45 GMT+0200 (Central Africa Time)
[debug] [2023-06-24T14:19:45.456Z] ----------------------------------------------------------------------
[debug] 
[info] i  Firebase optionally collects CLI and Emulator Suite usage and error reporting information to help improve our products. Data is collected in accordance with Google's privacy policy (https://policies.google.com/privacy) and is not used to identify you.
 
[info] i  To change your data collection preference at any time, run `firebase logout` and log in again. 
[info] 
[info] Visit this URL on this device to log in:
[info] https://accounts.google.com/o/oauth2/auth?client_id=563584335869-fgrhgmd47bqnekij5i8b5pr03ho849e6.apps.googleusercontent.com&scope=email%20openid%20https%3A%2F%2Fwww.googleapis.com%2Fauth%2Fcloudplatformprojects.readonly%20https%3A%2F%2Fwww.googleapis.com%2Fauth%2Ffirebase%20https%3A%2F%2Fwww.googleapis.com%2Fauth%2Fcloud-platform&response_type=code&state=899751757&redirect_uri=http%3A%2F%2Flocalhost%3A9005
[info] 
[info] Waiting for authentication...
[debug] [2023-06-24T14:20:49.392Z] >>> [apiv2][query] POST https://accounts.google.com/o/oauth2/token [none]
[debug] [2023-06-24T14:20:49.410Z] >>> [apiv2][body] POST https://accounts.google.com/o/oauth2/token [omitted]
[debug] [2023-06-24T14:22:04.971Z] Token Fetch Error: FirebaseError: Failed to make request to https://accounts.google.com/o/oauth2/token
    at RetryOperation._fn (/usr/local/lib/node_modules/firebase-tools/lib/apiv2.js:242:31)
    at process.processTicksAndRejections (node:internal/process/task_queues:95:5)
[debug] [2023-06-24T14:22:04.993Z] >>> [apiv2][query] POST https://auth.firebase.tools/attest [none]
[debug] [2023-06-24T14:22:04.995Z] >>> [apiv2][body] POST https://auth.firebase.tools/attest {"session_id":"50c6f954-25b9-4630-a956-56712fa23ecc"}
